<?xml version="1.0" encoding="UTF-8"?>
<!-- Generated by org.testng.reporters.JUnitReportReporter -->
<testsuite skipped="0" hostname="LAPTOP-C8Q2NROR" name="test.A" tests="1" failures="0" timestamp="2021-01-04T14:40:22 IST" time="0.010" errors="0">
  <testcase name="analyse" time="0.010" classname="test.A"/>
  <system-out/>
</testsuite> <!-- test.A -->
