<?xml version="1.0" encoding="UTF-8"?>
<!-- Generated by org.testng.reporters.JUnitReportReporter -->
<testsuite skipped="0" hostname="LAPTOP-C8Q2NROR" name="test.Run" tests="1" failures="0" timestamp="2021-01-04T14:38:24 IST" time="0.009" errors="0">
  <testcase name="create" time="0.009" classname="test.Run"/>
  <system-out/>
</testsuite> <!-- test.Run -->
