<?xml version="1.0" encoding="UTF-8"?>
<!-- Generated by org.testng.reporters.JUnitReportReporter -->
<testsuite skipped="0" hostname="LAPTOP-C8Q2NROR" name="test.Analyse" tests="2" failures="0" timestamp="2021-01-05T23:26:05 IST" time="4.719" errors="0">
  <testcase name="register" time="2.613" classname="test.Analyse"/>
  <system-out/>
  <testcase name="support" time="2.106" classname="test.Analyse"/>
  <system-out/>
</testsuite> <!-- test.Analyse -->
