<?xml version="1.0" encoding="UTF-8"?>
<!-- Generated by org.testng.reporters.JUnitReportReporter -->
<testsuite skipped="0" hostname="LAPTOP-C8Q2NROR" name="test.Scroll" tests="1" failures="0" timestamp="2021-01-19T12:25:27 IST" time="14.597" errors="0">
  <testcase name="ScrollHorizontally" time="14.597" classname="test.Scroll"/>
  <system-out/>
</testsuite> <!-- test.Scroll -->
