<?xml version="1.0" encoding="UTF-8"?>
<!-- Generated by org.testng.reporters.JUnitReportReporter -->
<testsuite skipped="0" hostname="LAPTOP-C8Q2NROR" name="run.Login" tests="2" failures="0" timestamp="2021-01-06T11:30:20 IST" time="0.003" errors="0">
  <testcase name="LoginAPICarLoan" time="0.003" classname="run.Login"/>
  <system-out/>
  <testcase name="WebLoginCarLoan" time="0.000" classname="run.Login"/>
  <system-out/>
</testsuite> <!-- run.Login -->
