<?xml version="1.0" encoding="UTF-8"?>
<!-- Generated by org.testng.reporters.JUnitReportReporter -->
<testsuite skipped="0" hostname="LAPTOP-C8Q2NROR" name="run.Plan" tests="4" failures="0" timestamp="2021-01-06T23:39:32 IST" time="0.013" errors="0">
  <testcase name="pPost" time="0.009" classname="run.Plan"/>
  <system-out/>
  <testcase name="pPost" time="0.001" classname="run.Plan"/>
  <system-out/>
  <testcase name="think" time="0.001" classname="run.Plan"/>
  <system-out/>
  <testcase name="pPost" time="0.002" classname="run.Plan"/>
  <system-out/>
</testsuite> <!-- run.Plan -->
