<?xml version="1.0" encoding="UTF-8"?>
<!-- Generated by org.testng.reporters.JUnitReportReporter -->
<testsuite skipped="0" hostname="LAPTOP-C8Q2NROR" name="run.Login1" tests="6" failures="0" timestamp="2021-01-06T10:57:28 IST" time="0.019" errors="0">
  <testcase name="loginAPIHomeLoan" time="0.004" classname="run.Login1"/>
  <system-out/>
  <testcase name="mobileLoginHomeLoan" time="0.001" classname="run.Login1"/>
  <system-out/>
  <testcase name="webLoginHomeLoan" time="0.001" classname="run.Login1"/>
  <system-out/>
  <testcase name="mobileSignoutHomeLoan" time="0.001" classname="run.Login1"/>
  <system-out/>
  <testcase name="afterClass" time="0.011" classname="run.Login1"/>
  <system-out/>
  <testcase name="prereq" time="0.001" classname="run.Login1"/>
  <system-out/>
</testsuite> <!-- run.Login1 -->
