<?xml version="1.0" encoding="UTF-8"?>
<!-- Generated by org.testng.reporters.JUnitReportReporter -->
<testsuite skipped="0" hostname="LAPTOP-C8Q2NROR" name="run.Priority" tests="5" failures="0" timestamp="2021-01-07T16:20:11 IST" time="0.014" errors="0">
  <testcase name="e_method" time="0.009" classname="run.Priority"/>
  <system-out/>
  <testcase name="a_method" time="0.002" classname="run.Priority"/>
  <system-out/>
  <testcase name="d_method" time="0.001" classname="run.Priority"/>
  <system-out/>
  <testcase name="c_method" time="0.001" classname="run.Priority"/>
  <system-out/>
  <testcase name="b_method" time="0.001" classname="run.Priority"/>
  <system-out/>
</testsuite> <!-- run.Priority -->
