<?xml version="1.0" encoding="UTF-8"?>
<!-- Generated by org.testng.reporters.JUnitReportReporter -->
<testsuite skipped="0" hostname="LAPTOP-C8Q2NROR" name="run.Create" tests="2" failures="0" timestamp="2021-01-05T14:27:46 IST" time="0.018" errors="0">
  <testcase name="score" time="0.016" classname="run.Create"/>
  <system-out/>
  <testcase name="score1" time="0.002" classname="run.Create"/>
  <system-out/>
</testsuite> <!-- run.Create -->
