<?xml version="1.0" encoding="UTF-8"?>
<!-- Generated by org.testng.reporters.JUnitReportReporter -->
<testsuite skipped="0" hostname="LAPTOP-C8Q2NROR" name="Selenium.Maven_Java.Demo2Test" tests="2" failures="0" timestamp="2021-01-06T15:39:35 IST" time="0.000" errors="0">
  <testcase name="update1" time="0.000" classname="Selenium.Maven_Java.Demo2Test"/>
  <system-out/>
  <testcase name="update" time="0.000" classname="Selenium.Maven_Java.Demo2Test"/>
  <system-out/>
</testsuite> <!-- Selenium.Maven_Java.Demo2Test -->
