<?xml version="1.0" encoding="UTF-8"?>
<!-- Generated by org.testng.reporters.JUnitReportReporter -->
<testsuite skipped="0" hostname="LAPTOP-C8Q2NROR" name="Selenium.Maven_Java.DemoTest" tests="2" failures="0" timestamp="2021-01-06T15:39:35 IST" time="0.000" errors="0">
  <testcase name="analyse1" time="0.000" classname="Selenium.Maven_Java.DemoTest"/>
  <system-out/>
  <testcase name="analyseTest" time="0.000" classname="Selenium.Maven_Java.DemoTest"/>
  <system-out/>
</testsuite> <!-- Selenium.Maven_Java.DemoTest -->
