<?xml version="1.0" encoding="UTF-8"?>
<!-- Generated by org.testng.reporters.JUnitReportReporter -->
<testsuite skipped="0" hostname="LAPTOP-C8Q2NROR" name="radiobuttonsandscreenshots.RadioButtons" tests="1" failures="0" timestamp="2021-01-18T12:14:13 IST" time="16.390" errors="0">
  <testcase name="radio" time="16.390" classname="radiobuttonsandscreenshots.RadioButtons"/>
  <system-out/>
</testsuite> <!-- radiobuttonsandscreenshots.RadioButtons -->
