<?xml version="1.0" encoding="UTF-8"?>
<!-- Generated by org.testng.reporters.JUnitReportReporter -->
<testsuite skipped="0" hostname="LAPTOP-C8Q2NROR" name="explicitwait.Paytm" tests="1" failures="0" timestamp="2021-01-18T14:42:52 IST" time="13.660" errors="0">
  <testcase name="paytm" time="13.660" classname="explicitwait.Paytm"/>
  <system-out/>
</testsuite> <!-- explicitwait.Paytm -->
