<?xml version="1.0" encoding="UTF-8"?>
<!-- Generated by org.testng.reporters.JUnitReportReporter -->
<testsuite skipped="0" hostname="LAPTOP-C8Q2NROR" name="multipleobjectextraction.Flipkart" tests="1" failures="0" timestamp="2021-01-18T11:30:19 IST" time="52.215" errors="0">
  <testcase name="printNames" time="52.215" classname="multipleobjectextraction.Flipkart"/>
  <system-out/>
</testsuite> <!-- multipleobjectextraction.Flipkart -->
