<?xml version="1.0" encoding="UTF-8"?>
<!-- Generated by org.testng.reporters.JUnitReportReporter -->
<testsuite skipped="0" hostname="LAPTOP-C8Q2NROR" name="windowmanagement.WindowsSelenium" tests="1" failures="0" timestamp="2021-01-19T10:47:08 IST" time="15.180" errors="0">
  <testcase name="testWindows" time="15.180" classname="windowmanagement.WindowsSelenium"/>
  <system-out/>
</testsuite> <!-- windowmanagement.WindowsSelenium -->
