<?xml version="1.0" encoding="UTF-8"?>
<!-- Generated by org.testng.reporters.JUnitReportReporter -->
<testsuite skipped="0" hostname="LAPTOP-C8Q2NROR" name="windowmanagement.Set_Java" tests="1" failures="0" timestamp="2021-01-19T10:35:04 IST" time="0.008" errors="0">
  <testcase name="test" time="0.008" classname="windowmanagement.Set_Java"/>
  <system-out/>
</testsuite> <!-- windowmanagement.Set_Java -->
