<?xml version="1.0" encoding="UTF-8"?>
<!-- Generated by org.testng.reporters.JUnitReportReporter -->
<testsuite skipped="0" hostname="LAPTOP-C8Q2NROR" name="windowmanagement.RediffAlert" tests="1" failures="0" timestamp="2021-01-19T10:50:07 IST" time="5.748" errors="0">
  <testcase name="rediff" time="5.748" classname="windowmanagement.RediffAlert"/>
  <system-out/>
</testsuite> <!-- windowmanagement.RediffAlert -->
