<?xml version="1.0" encoding="UTF-8"?>
<!-- Generated by org.testng.reporters.JUnitReportReporter -->
<testsuite skipped="1" hostname="LAPTOP-C8Q2NROR" name="database.DBTest" tests="1" failures="0" timestamp="2021-01-15T15:33:05 IST" time="0.000" errors="0">
  <testcase name="testDB" time="0.000" classname="database.DBTest">
    <skipped/>
  </testcase> <!-- testDB -->
  <system-out/>
</testsuite> <!-- database.DBTest -->
