<?xml version="1.0" encoding="UTF-8"?>
<!-- Generated by org.testng.reporters.JUnitReportReporter -->
<testsuite skipped="0" hostname="LAPTOP-C8Q2NROR" name="webtables.Rediff" tests="1" failures="0" timestamp="2021-01-19T14:36:44 IST" time="12.096" errors="0">
  <testcase name="testTable" time="12.096" classname="webtables.Rediff"/>
  <system-out/>
</testsuite> <!-- webtables.Rediff -->
