<?xml version="1.0" encoding="UTF-8"?>
<!-- Generated by org.testng.reporters.JUnitReportReporter -->
<testsuite hostname="LAPTOP-C8Q2NROR" failures="0" tests="2" name="Selenium.Maven_Java.Demo2Test" time="0.001" errors="0" timestamp="2021-01-07T15:52:28 IST" skipped="0">
  <testcase classname="Selenium.Maven_Java.Demo2Test" name="update1" time="0.000"/>
  <system-out/>
  <testcase classname="Selenium.Maven_Java.Demo2Test" name="update" time="0.001"/>
  <system-out/>
</testsuite> <!-- Selenium.Maven_Java.Demo2Test -->
