<?xml version="1.0" encoding="UTF-8"?>
<!-- Generated by org.testng.reporters.JUnitReportReporter -->
<testsuite hostname="LAPTOP-C8Q2NROR" failures="0" tests="2" name="Selenium.Maven_Java.DemoTest" time="0.000" errors="0" timestamp="2021-01-07T15:52:28 IST" skipped="0">
  <testcase classname="Selenium.Maven_Java.DemoTest" name="analyseTest" time="0.000"/>
  <system-out/>
  <testcase classname="Selenium.Maven_Java.DemoTest" name="analyse1" time="0.000"/>
  <system-out/>
</testsuite> <!-- Selenium.Maven_Java.DemoTest -->
