<?xml version="1.0" encoding="UTF-8"?>
<!-- Generated by org.testng.reporters.JUnitReportReporter -->
<testsuite hostname="LAPTOP-C8Q2NROR" failures="0" tests="2" name="Selenium.Maven_Java.CheckTest" time="7.819" errors="0" timestamp="2021-01-07T16:07:57 IST" skipped="0">
  <testcase classname="Selenium.Maven_Java.CheckTest" name="register" time="4.114"/>
  <system-out/>
  <testcase classname="Selenium.Maven_Java.CheckTest" name="support" time="3.705"/>
  <system-out/>
</testsuite> <!-- Selenium.Maven_Java.CheckTest -->
