<?xml version="1.0" encoding="UTF-8"?>
<!-- Generated by org.testng.reporters.JUnitReportReporter -->
<testsuite hostname="LAPTOP-C8Q2NROR" failures="0" tests="2" name="Selenium.Maven_Java.Demo1Test" time="0.001" errors="0" timestamp="2021-01-07T15:52:28 IST" skipped="0">
  <testcase classname="Selenium.Maven_Java.Demo1Test" name="template" time="0.001"/>
  <system-out/>
  <testcase classname="Selenium.Maven_Java.Demo1Test" name="template1" time="0.000"/>
  <system-out/>
</testsuite> <!-- Selenium.Maven_Java.Demo1Test -->
