<?xml version="1.0" encoding="UTF-8"?>
<!-- Generated by org.testng.reporters.JUnitReportReporter -->
<testsuite skipped="0" hostname="LAPTOP-C8Q2NROR" name="Selenium.Maven_Java.AppTest" tests="1" failures="0" timestamp="2021-01-06T15:39:35 IST" time="0.016" errors="0">
  <testcase name="testApp" time="0.016" classname="Selenium.Maven_Java.AppTest"/>
  <system-out/>
</testsuite> <!-- Selenium.Maven_Java.AppTest -->
