<?xml version="1.0" encoding="UTF-8"?>
<!-- Generated by org.testng.reporters.JUnitReportReporter -->
<testsuite skipped="0" hostname="LAPTOP-C8Q2NROR" name="hemu14260.ExtentReports.ExtentReportDemoTest" tests="1" failures="0" timestamp="2021-01-08T15:53:35 IST" time="7.125" errors="0">
  <testcase name="initialisation" time="7.125" classname="hemu14260.ExtentReports.ExtentReportDemoTest"/>
  <system-out/>
</testsuite> <!-- hemu14260.ExtentReports.ExtentReportDemoTest -->
